2023-02-27 11:33:02 INFO  Main:36 - saved data reading
2023-02-27 11:33:02 INFO  Main:41 - application start
2023-02-27 11:33:03 INFO  Controller:74 - Main controller initializing
2023-02-27 11:33:06 INFO  NewEditController:91 - new/edit window initializing
2023-02-27 11:33:29 INFO  NewEditController:91 - new/edit window initializing
2023-02-27 11:34:25 INFO  TaskInfoController:25 - task info window initializing
2023-02-27 11:34:25 ERROR Controller:127 - error loading task-info.fxml
2023-02-27 11:34:27 INFO  TaskInfoController:25 - task info window initializing
2023-03-15 04:41:12 INFO  Main:36 - saved data reading
2023-03-15 04:41:12 INFO  Main:41 - application start
2023-03-15 04:41:12 INFO  Controller:74 - Main controller initializing
2023-03-15 04:42:15 INFO  Main:36 - saved data reading
2023-03-15 04:42:15 INFO  Main:41 - application start
2023-03-15 04:42:15 INFO  Controller:74 - Main controller initializing
2023-03-15 04:42:18 INFO  NewEditController:90 - new/edit window initializing
2023-03-15 04:42:21 INFO  NewEditController:90 - new/edit window initializing
2023-03-15 04:42:32 INFO  NewEditController:90 - new/edit window initializing
2023-03-15 04:42:39 INFO  NewEditController:90 - new/edit window initializing
2023-03-15 04:42:47 INFO  NewEditController:90 - new/edit window initializing
2023-03-15 04:42:57 INFO  NewEditController:90 - new/edit window initializing
2023-03-15 04:43:02 INFO  NewEditController:90 - new/edit window initializing
2023-03-15 04:43:12 INFO  TaskInfoController:25 - task info window initializing
2023-03-29 07:48:00 ERROR Task:43 - interval < than 1
2023-03-29 07:48:01 ERROR Task:43 - interval < than 1
2023-03-29 07:48:41 ERROR Task:43 - interval < than 1
2023-03-29 07:48:41 ERROR Task:43 - interval < than 1
2023-03-29 07:49:15 ERROR Task:43 - interval < than 1
2023-03-29 07:49:46 ERROR Task:43 - interval < than 1
2023-03-29 07:50:34 ERROR Task:43 - interval < than 1
2023-03-29 07:50:44 ERROR Task:43 - interval < than 1
2023-03-29 07:50:44 ERROR Task:43 - interval < than 1
2023-03-29 08:21:01 ERROR Task:43 - interval < than 1
2023-03-29 08:21:01 ERROR Task:43 - interval < than 1
